<?xml version="1.0" encoding="UTF-8"?>
<!-- Generated by org.testng.reporters.JUnitXMLReporter -->
<testsuite hostname="Priyanka-PC" ignored="0" name="Default test" tests="4" failures="0" timestamp="04 Apr 2020 13:39:42 GMT" time="35.981" errors="0">
  <testcase name="tc_001" time="9.304" classname="com.testpractice.test2"/>
  <testcase name="tc_002" time="16.568" classname="com.testpractice.test2"/>
  <testcase name="tc_010" time="2.369" classname="com.testpractice.test2"/>
  <testcase name="tc_011" time="7.643" classname="com.testpractice.test2"/>
</testsuite> <!-- Default test -->
