<?xml version="1.0" encoding="UTF-8"?>
<testng-results skipped="0" failed="0" ignored="0" total="2" passed="2">
  <reporter-output>
  </reporter-output>
  <suite name="Default suite" duration-ms="11950" started-at="2020-05-05T12:40:56Z" finished-at="2020-05-05T12:41:08Z">
    <groups>
    </groups>
    <test name="Default test" duration-ms="11950" started-at="2020-05-05T12:40:56Z" finished-at="2020-05-05T12:41:08Z">
      <class name="com.testcases.Tests">
        <test-method status="PASS" signature="loginTest()[pri:0, instance:com.testcases.Tests@62150f9e]" name="loginTest" duration-ms="1014" started-at="2020-05-05T12:40:56Z" finished-at="2020-05-05T12:40:57Z">
          <reporter-output>
          </reporter-output>
        </test-method> <!-- loginTest -->
        <test-method status="PASS" signature="TC_01()[pri:0, instance:com.testcases.Tests@62150f9e]" name="TC_01" duration-ms="10870" started-at="2020-05-05T12:40:57Z" finished-at="2020-05-05T12:41:08Z">
          <reporter-output>
          </reporter-output>
        </test-method> <!-- TC_01 -->
      </class> <!-- com.testcases.Tests -->
    </test> <!-- Default test -->
  </suite> <!-- Default suite -->
</testng-results>
