<?xml version="1.0" encoding="UTF-8"?>
<testng-results skipped="0" failed="1" ignored="0" total="3" passed="2">
  <reporter-output>
  </reporter-output>
  <suite name="Default suite" duration-ms="24367" started-at="2020-03-29T11:48:12Z" finished-at="2020-03-29T11:48:37Z">
    <groups>
    </groups>
    <test name="Default test" duration-ms="24367" started-at="2020-03-29T11:48:12Z" finished-at="2020-03-29T11:48:37Z">
      <class name="com.regression.RegressionTest">
        <test-method status="PASS" signature="regressionTest()[pri:0, instance:com.regression.RegressionTest@55ca8de8]" name="regressionTest" is-config="true" duration-ms="14206" started-at="2020-03-29T11:48:12Z" finished-at="2020-03-29T11:48:27Z">
          <reporter-output>
          </reporter-output>
        </test-method> <!-- regressionTest -->
        <test-method status="PASS" signature="signIn()[pri:0, instance:com.regression.RegressionTest@55ca8de8]" name="signIn" duration-ms="7966" started-at="2020-03-29T11:48:27Z" finished-at="2020-03-29T11:48:35Z">
          <reporter-output>
          </reporter-output>
        </test-method> <!-- signIn -->
        <test-method status="PASS" signature="tabtoSearchbox()[pri:3, instance:com.regression.RegressionTest@55ca8de8]" name="tabtoSearchbox" duration-ms="2075" started-at="2020-03-29T11:48:35Z" finished-at="2020-03-29T11:48:37Z">
          <reporter-output>
          </reporter-output>
        </test-method> <!-- tabtoSearchbox -->
        <test-method status="FAIL" signature="verifyCustomerservice()[pri:5, instance:com.regression.RegressionTest@55ca8de8]" name="verifyCustomerservice" duration-ms="6" started-at="2020-03-29T11:48:37Z" finished-at="2020-03-29T11:48:37Z">
          <exception class="java.lang.NullPointerException">
            <full-stacktrace>
              <![CDATA[java.lang.NullPointerException
at com.keywords.Keyword.clickonElement(Keyword.java:105)
at com.regression.RegressionTest.verifyCustomerservice(RegressionTest.java:67)
at sun.reflect.NativeMethodAccessorImpl.invoke0(Native Method)
at sun.reflect.NativeMethodAccessorImpl.invoke(NativeMethodAccessorImpl.java:62)
at sun.reflect.DelegatingMethodAccessorImpl.invoke(DelegatingMethodAccessorImpl.java:43)
at java.lang.reflect.Method.invoke(Method.java:498)
at org.testng.internal.MethodInvocationHelper.invokeMethod(MethodInvocationHelper.java:124)
at org.testng.internal.Invoker.invokeMethod(Invoker.java:583)
at org.testng.internal.Invoker.invokeTestMethod(Invoker.java:719)
at org.testng.internal.Invoker.invokeTestMethods(Invoker.java:989)
at org.testng.internal.TestMethodWorker.invokeTestMethods(TestMethodWorker.java:125)
at org.testng.internal.TestMethodWorker.run(TestMethodWorker.java:109)
at org.testng.TestRunner.privateRun(TestRunner.java:648)
at org.testng.TestRunner.run(TestRunner.java:505)
at org.testng.SuiteRunner.runTest(SuiteRunner.java:455)
at org.testng.SuiteRunner.runSequentially(SuiteRunner.java:450)
at org.testng.SuiteRunner.privateRun(SuiteRunner.java:415)
at org.testng.SuiteRunner.run(SuiteRunner.java:364)
at org.testng.SuiteRunnerWorker.runSuite(SuiteRunnerWorker.java:52)
at org.testng.SuiteRunnerWorker.run(SuiteRunnerWorker.java:84)
at org.testng.TestNG.runSuitesSequentially(TestNG.java:1208)
at org.testng.TestNG.runSuitesLocally(TestNG.java:1137)
at org.testng.TestNG.runSuites(TestNG.java:1049)
at org.testng.TestNG.run(TestNG.java:1017)
at org.testng.remote.AbstractRemoteTestNG.run(AbstractRemoteTestNG.java:115)
at org.testng.remote.RemoteTestNG.initAndRun(RemoteTestNG.java:251)
at org.testng.remote.RemoteTestNG.main(RemoteTestNG.java:77)
]]>
            </full-stacktrace>
          </exception> <!-- java.lang.NullPointerException -->
          <reporter-output>
          </reporter-output>
        </test-method> <!-- verifyCustomerservice -->
      </class> <!-- com.regression.RegressionTest -->
    </test> <!-- Default test -->
  </suite> <!-- Default suite -->
</testng-results>
