<?xml version="1.0" encoding="UTF-8"?>
<testng-results skipped="0" failed="0" ignored="0" total="2" passed="2">
  <reporter-output>
  </reporter-output>
  <suite name="Default suite" duration-ms="16668" started-at="2020-05-04T20:27:50Z" finished-at="2020-05-04T20:28:07Z">
    <groups>
    </groups>
    <test name="Default test" duration-ms="16668" started-at="2020-05-04T20:27:50Z" finished-at="2020-05-04T20:28:07Z">
      <class name="com.FR_hybridframework.testpages.SignOutTest">
        <test-method status="PASS" signature="setup()[pri:0, instance:com.FR_hybridframework.testpages.SignOutTest@17211155]" name="setup" is-config="true" duration-ms="15958" started-at="2020-05-04T20:27:34Z" finished-at="2020-05-04T20:27:50Z">
          <reporter-output>
          </reporter-output>
        </test-method> <!-- setup -->
        <test-method status="PASS" signature="loginTest()[pri:0, instance:com.FR_hybridframework.testpages.SignOutTest@17211155]" name="loginTest" duration-ms="15109" started-at="2020-05-04T20:27:50Z" finished-at="2020-05-04T20:28:05Z">
          <reporter-output>
          </reporter-output>
        </test-method> <!-- loginTest -->
        <test-method status="PASS" signature="signoutTest()[pri:0, instance:com.FR_hybridframework.testpages.SignOutTest@17211155]" name="signoutTest" duration-ms="1503" started-at="2020-05-04T20:28:05Z" finished-at="2020-05-04T20:28:07Z">
          <reporter-output>
          </reporter-output>
        </test-method> <!-- signoutTest -->
        <test-method status="PASS" signature="teardown()[pri:0, instance:com.FR_hybridframework.testpages.SignOutTest@17211155]" name="teardown" is-config="true" duration-ms="1" started-at="2020-05-04T20:28:07Z" finished-at="2020-05-04T20:28:07Z">
          <reporter-output>
          </reporter-output>
        </test-method> <!-- teardown -->
      </class> <!-- com.FR_hybridframework.testpages.SignOutTest -->
    </test> <!-- Default test -->
  </suite> <!-- Default suite -->
</testng-results>
